<?xml version="1.0" encoding="UTF-8"?>
<testsuite xmlns:xsi="http://www.w3.org/2001/XMLSchema-instance" xsi:noNamespaceSchemaLocation="https://maven.apache.org/surefire/maven-surefire-plugin/xsd/surefire-test-report-3.0.xsd" version="3.0" name="TestSuite" time="26.683" tests="4" errors="0" skipped="0" failures="1">
  <properties>
    <property name="sun.desktop" value="gnome"/>
    <property name="awt.toolkit" value="sun.awt.X11.XToolkit"/>
    <property name="file.encoding.pkg" value="sun.io"/>
    <property name="java.specification.version" value="1.8"/>
    <property name="sun.cpu.isalist" value=""/>
    <property name="sun.jnu.encoding" value="UTF-8"/>
    <property name="java.class.path" value="/media/moaz/New Volume/QC/Automation/pom_dp_test/target/test-classes:/media/moaz/New Volume/QC/Automation/pom_dp_test/target/classes:/home/moaz/.m2/repository/org/seleniumhq/selenium/selenium-java/4.0.0-alpha-2/selenium-java-4.0.0-alpha-2.jar:/home/moaz/.m2/repository/org/seleniumhq/selenium/selenium-edgehtml-driver/4.0.0-alpha-2/selenium-edgehtml-driver-4.0.0-alpha-2.jar:/home/moaz/.m2/repository/org/seleniumhq/selenium/selenium-edge-driver/4.0.0-alpha-2/selenium-edge-driver-4.0.0-alpha-2.jar:/home/moaz/.m2/repository/org/seleniumhq/selenium/selenium-firefox-xpi-driver/4.0.0-alpha-2/selenium-firefox-xpi-driver-4.0.0-alpha-2.jar:/home/moaz/.m2/repository/org/seleniumhq/selenium/selenium-ie-driver/4.0.0-alpha-2/selenium-ie-driver-4.0.0-alpha-2.jar:/home/moaz/.m2/repository/org/seleniumhq/selenium/selenium-opera-driver/4.0.0-alpha-2/selenium-opera-driver-4.0.0-alpha-2.jar:/home/moaz/.m2/repository/org/seleniumhq/selenium/selenium-safari-driver/4.0.0-alpha-2/selenium-safari-driver-4.0.0-alpha-2.jar:/home/moaz/.m2/repository/org/seleniumhq/selenium/selenium-support/4.0.0-alpha-2/selenium-support-4.0.0-alpha-2.jar:/home/moaz/.m2/repository/org/seleniumhq/selenium/selenium-firefox-driver/4.0.0-alpha-2/selenium-firefox-driver-4.0.0-alpha-2.jar:/home/moaz/.m2/repository/org/seleniumhq/selenium/selenium-remote-driver/4.0.0-alpha-2/selenium-remote-driver-4.0.0-alpha-2.jar:/home/moaz/.m2/repository/org/seleniumhq/selenium/selenium-api/4.0.0-alpha-2/selenium-api-4.0.0-alpha-2.jar:/home/moaz/.m2/repository/net/bytebuddy/byte-buddy/1.9.12/byte-buddy-1.9.12.jar:/home/moaz/.m2/repository/org/apache/commons/commons-exec/1.3/commons-exec-1.3.jar:/home/moaz/.m2/repository/io/opentracing/contrib/opentracing-tracerresolver/0.1.7/opentracing-tracerresolver-0.1.7.jar:/home/moaz/.m2/repository/io/opentracing/opentracing-api/0.33.0/opentracing-api-0.33.0.jar:/home/moaz/.m2/repository/com/google/guava/guava/27.1-jre/guava-27.1-jre.jar:/home/moaz/.m2/repository/com/google/guava/failureaccess/1.0.1/failureaccess-1.0.1.jar:/home/moaz/.m2/repository/com/google/guava/listenablefuture/9999.0-empty-to-avoid-conflict-with-guava/listenablefuture-9999.0-empty-to-avoid-conflict-with-guava.jar:/home/moaz/.m2/repository/com/google/code/findbugs/jsr305/3.0.2/jsr305-3.0.2.jar:/home/moaz/.m2/repository/org/checkerframework/checker-qual/2.5.2/checker-qual-2.5.2.jar:/home/moaz/.m2/repository/com/google/errorprone/error_prone_annotations/2.2.0/error_prone_annotations-2.2.0.jar:/home/moaz/.m2/repository/com/google/j2objc/j2objc-annotations/1.1/j2objc-annotations-1.1.jar:/home/moaz/.m2/repository/org/codehaus/mojo/animal-sniffer-annotations/1.17/animal-sniffer-annotations-1.17.jar:/home/moaz/.m2/repository/com/squareup/okhttp3/okhttp/3.14.0/okhttp-3.14.0.jar:/home/moaz/.m2/repository/com/squareup/okio/okio/1.17.2/okio-1.17.2.jar:/home/moaz/.m2/repository/io/opentracing/opentracing-util/0.33.0/opentracing-util-0.33.0.jar:/home/moaz/.m2/repository/io/opentracing/opentracing-noop/0.33.0/opentracing-noop-0.33.0.jar:/home/moaz/.m2/repository/org/seleniumhq/selenium/selenium-chrome-driver/4.0.0-alpha-2/selenium-chrome-driver-4.0.0-alpha-2.jar:/home/moaz/.m2/repository/org/seleniumhq/selenium/selenium-chromium-driver/4.0.0-alpha-2/selenium-chromium-driver-4.0.0-alpha-2.jar:/home/moaz/.m2/repository/org/testng/testng/7.0.0/testng-7.0.0.jar:/home/moaz/.m2/repository/com/beust/jcommander/1.72/jcommander-1.72.jar:"/>
    <property name="java.vm.vendor" value="Oracle Corporation"/>
    <property name="sun.arch.data.model" value="64"/>
    <property name="java.vendor.url" value="http://java.oracle.com/"/>
    <property name="user.timezone" value=""/>
    <property name="java.vm.specification.version" value="1.8"/>
    <property name="os.name" value="Linux"/>
    <property name="user.country" value="US"/>
    <property name="sun.java.launcher" value="SUN_STANDARD"/>
    <property name="sun.boot.library.path" value="/usr/lib/java/jdk1.8.0_201/jre/lib/amd64"/>
    <property name="sun.java.command" value="/media/moaz/New Volume/QC/Automation/pom_dp_test/target/surefire/surefirebooter58139483553923153.jar /media/moaz/New Volume/QC/Automation/pom_dp_test/target/surefire 2019-09-04T12-44-32_405-jvmRun1 surefire1157129147766806187tmp surefire_01405618523789921726tmp"/>
    <property name="surefire.test.class.path" value="/media/moaz/New Volume/QC/Automation/pom_dp_test/target/test-classes:/media/moaz/New Volume/QC/Automation/pom_dp_test/target/classes:/home/moaz/.m2/repository/org/seleniumhq/selenium/selenium-java/4.0.0-alpha-2/selenium-java-4.0.0-alpha-2.jar:/home/moaz/.m2/repository/org/seleniumhq/selenium/selenium-edgehtml-driver/4.0.0-alpha-2/selenium-edgehtml-driver-4.0.0-alpha-2.jar:/home/moaz/.m2/repository/org/seleniumhq/selenium/selenium-edge-driver/4.0.0-alpha-2/selenium-edge-driver-4.0.0-alpha-2.jar:/home/moaz/.m2/repository/org/seleniumhq/selenium/selenium-firefox-xpi-driver/4.0.0-alpha-2/selenium-firefox-xpi-driver-4.0.0-alpha-2.jar:/home/moaz/.m2/repository/org/seleniumhq/selenium/selenium-ie-driver/4.0.0-alpha-2/selenium-ie-driver-4.0.0-alpha-2.jar:/home/moaz/.m2/repository/org/seleniumhq/selenium/selenium-opera-driver/4.0.0-alpha-2/selenium-opera-driver-4.0.0-alpha-2.jar:/home/moaz/.m2/repository/org/seleniumhq/selenium/selenium-safari-driver/4.0.0-alpha-2/selenium-safari-driver-4.0.0-alpha-2.jar:/home/moaz/.m2/repository/org/seleniumhq/selenium/selenium-support/4.0.0-alpha-2/selenium-support-4.0.0-alpha-2.jar:/home/moaz/.m2/repository/org/seleniumhq/selenium/selenium-firefox-driver/4.0.0-alpha-2/selenium-firefox-driver-4.0.0-alpha-2.jar:/home/moaz/.m2/repository/org/seleniumhq/selenium/selenium-remote-driver/4.0.0-alpha-2/selenium-remote-driver-4.0.0-alpha-2.jar:/home/moaz/.m2/repository/org/seleniumhq/selenium/selenium-api/4.0.0-alpha-2/selenium-api-4.0.0-alpha-2.jar:/home/moaz/.m2/repository/net/bytebuddy/byte-buddy/1.9.12/byte-buddy-1.9.12.jar:/home/moaz/.m2/repository/org/apache/commons/commons-exec/1.3/commons-exec-1.3.jar:/home/moaz/.m2/repository/io/opentracing/contrib/opentracing-tracerresolver/0.1.7/opentracing-tracerresolver-0.1.7.jar:/home/moaz/.m2/repository/io/opentracing/opentracing-api/0.33.0/opentracing-api-0.33.0.jar:/home/moaz/.m2/repository/com/google/guava/guava/27.1-jre/guava-27.1-jre.jar:/home/moaz/.m2/repository/com/google/guava/failureaccess/1.0.1/failureaccess-1.0.1.jar:/home/moaz/.m2/repository/com/google/guava/listenablefuture/9999.0-empty-to-avoid-conflict-with-guava/listenablefuture-9999.0-empty-to-avoid-conflict-with-guava.jar:/home/moaz/.m2/repository/com/google/code/findbugs/jsr305/3.0.2/jsr305-3.0.2.jar:/home/moaz/.m2/repository/org/checkerframework/checker-qual/2.5.2/checker-qual-2.5.2.jar:/home/moaz/.m2/repository/com/google/errorprone/error_prone_annotations/2.2.0/error_prone_annotations-2.2.0.jar:/home/moaz/.m2/repository/com/google/j2objc/j2objc-annotations/1.1/j2objc-annotations-1.1.jar:/home/moaz/.m2/repository/org/codehaus/mojo/animal-sniffer-annotations/1.17/animal-sniffer-annotations-1.17.jar:/home/moaz/.m2/repository/com/squareup/okhttp3/okhttp/3.14.0/okhttp-3.14.0.jar:/home/moaz/.m2/repository/com/squareup/okio/okio/1.17.2/okio-1.17.2.jar:/home/moaz/.m2/repository/io/opentracing/opentracing-util/0.33.0/opentracing-util-0.33.0.jar:/home/moaz/.m2/repository/io/opentracing/opentracing-noop/0.33.0/opentracing-noop-0.33.0.jar:/home/moaz/.m2/repository/org/seleniumhq/selenium/selenium-chrome-driver/4.0.0-alpha-2/selenium-chrome-driver-4.0.0-alpha-2.jar:/home/moaz/.m2/repository/org/seleniumhq/selenium/selenium-chromium-driver/4.0.0-alpha-2/selenium-chromium-driver-4.0.0-alpha-2.jar:/home/moaz/.m2/repository/org/testng/testng/7.0.0/testng-7.0.0.jar:/home/moaz/.m2/repository/com/beust/jcommander/1.72/jcommander-1.72.jar:"/>
    <property name="sun.cpu.endian" value="little"/>
    <property name="user.home" value="/home/moaz"/>
    <property name="user.language" value="en"/>
    <property name="java.specification.vendor" value="Oracle Corporation"/>
    <property name="java.home" value="/usr/lib/java/jdk1.8.0_201/jre"/>
    <property name="basedir" value="/media/moaz/New Volume/QC/Automation/pom_dp_test"/>
    <property name="file.separator" value="/"/>
    <property name="line.separator" value="&#10;"/>
    <property name="java.vm.specification.vendor" value="Oracle Corporation"/>
    <property name="java.specification.name" value="Java Platform API Specification"/>
    <property name="java.awt.graphicsenv" value="sun.awt.X11GraphicsEnvironment"/>
    <property name="surefire.real.class.path" value="/media/moaz/New Volume/QC/Automation/pom_dp_test/target/surefire/surefirebooter58139483553923153.jar"/>
    <property name="sun.boot.class.path" value="/usr/lib/java/jdk1.8.0_201/jre/lib/resources.jar:/usr/lib/java/jdk1.8.0_201/jre/lib/rt.jar:/usr/lib/java/jdk1.8.0_201/jre/lib/sunrsasign.jar:/usr/lib/java/jdk1.8.0_201/jre/lib/jsse.jar:/usr/lib/java/jdk1.8.0_201/jre/lib/jce.jar:/usr/lib/java/jdk1.8.0_201/jre/lib/charsets.jar:/usr/lib/java/jdk1.8.0_201/jre/lib/jfr.jar:/usr/lib/java/jdk1.8.0_201/jre/classes"/>
    <property name="sun.management.compiler" value="HotSpot 64-Bit Tiered Compilers"/>
    <property name="java.runtime.version" value="1.8.0_201-b09"/>
    <property name="user.name" value="moaz"/>
    <property name="path.separator" value=":"/>
    <property name="os.version" value="4.15.0-58-generic"/>
    <property name="java.endorsed.dirs" value="/usr/lib/java/jdk1.8.0_201/jre/lib/endorsed"/>
    <property name="java.runtime.name" value="Java(TM) SE Runtime Environment"/>
    <property name="file.encoding" value="UTF-8"/>
    <property name="java.vm.name" value="Java HotSpot(TM) 64-Bit Server VM"/>
    <property name="localRepository" value="/home/moaz/.m2/repository"/>
    <property name="java.vendor.url.bug" value="http://bugreport.sun.com/bugreport/"/>
    <property name="java.io.tmpdir" value="/tmp"/>
    <property name="java.version" value="1.8.0_201"/>
    <property name="user.dir" value="/media/moaz/New Volume/QC/Automation/pom_dp_test"/>
    <property name="os.arch" value="amd64"/>
    <property name="java.vm.specification.name" value="Java Virtual Machine Specification"/>
    <property name="java.awt.printerjob" value="sun.print.PSPrinterJob"/>
    <property name="sun.os.patch.level" value="unknown"/>
    <property name="java.library.path" value="/usr/java/packages/lib/amd64:/usr/lib64:/lib64:/lib:/usr/lib"/>
    <property name="java.vm.info" value="mixed mode"/>
    <property name="java.vendor" value="Oracle Corporation"/>
    <property name="java.vm.version" value="25.201-b09"/>
    <property name="java.ext.dirs" value="/usr/lib/java/jdk1.8.0_201/jre/lib/ext:/usr/java/packages/lib/ext"/>
    <property name="sun.io.unicode.encoding" value="UnicodeLittle"/>
    <property name="java.class.version" value="52.0"/>
  </properties>
  <testcase name="userLogin" classname="tests.CheckOutTest" time="4.558"/>
  <testcase name="userSearch" classname="tests.CheckOutTest" time="4.964"/>
  <testcase name="userAddProductToCart" classname="tests.CheckOutTest" time="3.941"/>
  <testcase name="userCheckOut" classname="tests.CheckOutTest" time="2.723">
    <failure message="Element &lt;input id=&quot;BillingNewAddress_FirstName&quot; name=&quot;BillingNewAddress.FirstName&quot; type=&quot;text&quot;&gt; could not be scrolled into view&#10;Build info: version: &apos;4.0.0-alpha-2&apos;, revision: &apos;f148142cf8&apos;, time: &apos;2019-07-01T20:55:26&apos;&#10;System info: host: &apos;MoazAdel&apos;, ip: &apos;127.0.1.1&apos;, os.name: &apos;Linux&apos;, os.arch: &apos;amd64&apos;, os.version: &apos;4.15.0-58-generic&apos;, java.version: &apos;1.8.0_201&apos;&#10;Driver info: org.openqa.selenium.firefox.FirefoxDriver&#10;Capabilities {acceptInsecureCerts: true, browserName: firefox, browserVersion: 68.0.2, javascriptEnabled: true, moz:accessibilityChecks: false, moz:buildID: 20190814054548, moz:geckodriverVersion: 0.24.0, moz:headless: false, moz:processID: 10829, moz:profile: /tmp/rust_mozprofile.jNY2Br..., moz:shutdownTimeout: 60000, moz:useNonSpecCompliantPointerOrigin: false, moz:webdriverClick: true, pageLoadStrategy: normal, platform: LINUX, platformName: LINUX, platformVersion: 4.15.0-58-generic, rotatable: false, setWindowRect: true, strictFileInteractability: false, timeouts: {implicit: 0, pageLoad: 300000, script: 30000}, unhandledPromptBehavior: dismiss and notify}&#10;Session ID: 148901d6-8e9d-43b4-97f5-cb97ac4ea1b2" type="org.openqa.selenium.ElementNotInteractableException"><![CDATA[org.openqa.selenium.ElementNotInteractableException: 
Element <input id="BillingNewAddress_FirstName" name="BillingNewAddress.FirstName" type="text"> could not be scrolled into view
Build info: version: '4.0.0-alpha-2', revision: 'f148142cf8', time: '2019-07-01T20:55:26'
System info: host: 'MoazAdel', ip: '127.0.1.1', os.name: 'Linux', os.arch: 'amd64', os.version: '4.15.0-58-generic', java.version: '1.8.0_201'
Driver info: org.openqa.selenium.firefox.FirefoxDriver
Capabilities {acceptInsecureCerts: true, browserName: firefox, browserVersion: 68.0.2, javascriptEnabled: true, moz:accessibilityChecks: false, moz:buildID: 20190814054548, moz:geckodriverVersion: 0.24.0, moz:headless: false, moz:processID: 10829, moz:profile: /tmp/rust_mozprofile.jNY2Br..., moz:shutdownTimeout: 60000, moz:useNonSpecCompliantPointerOrigin: false, moz:webdriverClick: true, pageLoadStrategy: normal, platform: LINUX, platformName: LINUX, platformVersion: 4.15.0-58-generic, rotatable: false, setWindowRect: true, strictFileInteractability: false, timeouts: {implicit: 0, pageLoad: 300000, script: 30000}, unhandledPromptBehavior: dismiss and notify}
Session ID: 148901d6-8e9d-43b4-97f5-cb97ac4ea1b2
	at tests.CheckOutTest.userCheckOut(CheckOutTest.java:43)
]]></failure>
  </testcase>
</testsuite>